<?xml version="1.0" encoding="UTF-8"?>
<testng-results ignored="10" total="19" passed="6" failed="1" skipped="2">
  <reporter-output>
  </reporter-output>
  <suite started-at="2021-09-20T22:58:32Z" name="Elease" finished-at="2021-09-20T22:58:33Z" duration-ms="1475">
    <groups>
      <group name="Regression">
        <method signature="ElementTestScripts.clickCollapseBox()[pri:9, instance:org.sghs.elease.automation.testScripts.ElementTestScripts@72ade7e3]" name="clickCollapseBox" class="org.sghs.elease.automation.testScripts.ElementTestScripts"/>
        <method signature="ElementTestScripts.clickExpand()[pri:7, instance:org.sghs.elease.automation.testScripts.ElementTestScripts@72ade7e3]" name="clickExpand" class="org.sghs.elease.automation.testScripts.ElementTestScripts"/>
        <method signature="ElementTestScripts.clickSubmit()[pri:5, instance:org.sghs.elease.automation.testScripts.ElementTestScripts@72ade7e3]" name="clickSubmit" class="org.sghs.elease.automation.testScripts.ElementTestScripts"/>
        <method signature="ElementTestScripts.clickWebTables()[pri:10, instance:org.sghs.elease.automation.testScripts.ElementTestScripts@72ade7e3]" name="clickWebTables" class="org.sghs.elease.automation.testScripts.ElementTestScripts"/>
        <method signature="ElementTestScripts.clickAddButton()[pri:11, instance:org.sghs.elease.automation.testScripts.ElementTestScripts@72ade7e3]" name="clickAddButton" class="org.sghs.elease.automation.testScripts.ElementTestScripts"/>
        <method signature="ElementTestScripts.clickcheckBox()[pri:6, instance:org.sghs.elease.automation.testScripts.ElementTestScripts@72ade7e3]" name="clickcheckBox" class="org.sghs.elease.automation.testScripts.ElementTestScripts"/>
        <method signature="ElementTestScripts.clicksubmitTable()[pri:18, instance:org.sghs.elease.automation.testScripts.ElementTestScripts@72ade7e3]" name="clicksubmitTable" class="org.sghs.elease.automation.testScripts.ElementTestScripts"/>
        <method signature="ElementTestScripts.clicktextBox()[pri:1, instance:org.sghs.elease.automation.testScripts.ElementTestScripts@72ade7e3]" name="clicktextBox" class="org.sghs.elease.automation.testScripts.ElementTestScripts"/>
        <method signature="ElementTestScripts.clickPublicCheck()[pri:8, instance:org.sghs.elease.automation.testScripts.ElementTestScripts@72ade7e3]" name="clickPublicCheck" class="org.sghs.elease.automation.testScripts.ElementTestScripts"/>
      </group> <!-- Regression -->
    </groups>
    <test started-at="2021-09-20T22:58:32Z" name="Regression" finished-at="2021-09-20T22:58:33Z" duration-ms="1475">
      <class name="org.sghs.elease.automation.testScripts.ElementTestScripts">
        <test-method is-config="true" signature="globalFuctions()[pri:0, instance:org.sghs.elease.automation.testScripts.ElementTestScripts@72ade7e3]" started-at="2021-09-20T22:58:26Z" name="globalFuctions" finished-at="2021-09-20T22:58:32Z" duration-ms="5401" status="PASS">
          <reporter-output>
          </reporter-output>
        </test-method> <!-- globalFuctions -->
        <test-method is-config="true" signature="landingPage()[pri:0, instance:org.sghs.elease.automation.testScripts.ElementTestScripts@72ade7e3]" started-at="2021-09-20T22:58:32Z" name="landingPage" finished-at="2021-09-20T22:58:32Z" duration-ms="2" status="PASS">
          <reporter-output>
          </reporter-output>
        </test-method> <!-- landingPage -->
        <test-method is-config="true" signature="goToElementsTab()[pri:0, instance:org.sghs.elease.automation.testScripts.ElementTestScripts@72ade7e3]" started-at="2021-09-20T22:58:32Z" name="goToElementsTab" finished-at="2021-09-20T22:58:32Z" duration-ms="123" status="PASS">
          <reporter-output>
          </reporter-output>
        </test-method> <!-- goToElementsTab -->
        <test-method is-config="true" signature="ElementsPage()[pri:0, instance:org.sghs.elease.automation.testScripts.ElementTestScripts@72ade7e3]" started-at="2021-09-20T22:58:32Z" name="ElementsPage" finished-at="2021-09-20T22:58:32Z" duration-ms="2" status="PASS">
          <reporter-output>
          </reporter-output>
        </test-method> <!-- ElementsPage -->
        <test-method signature="clicktextBox()[pri:1, instance:org.sghs.elease.automation.testScripts.ElementTestScripts@72ade7e3]" started-at="2021-09-20T22:58:32Z" name="clicktextBox" finished-at="2021-09-20T22:58:32Z" duration-ms="764" status="PASS">
          <reporter-output>
          </reporter-output>
        </test-method> <!-- clicktextBox -->
        <test-method is-config="true" signature="ElementsPage()[pri:0, instance:org.sghs.elease.automation.testScripts.ElementTestScripts@72ade7e3]" started-at="2021-09-20T22:58:32Z" name="ElementsPage" finished-at="2021-09-20T22:58:32Z" duration-ms="1" status="PASS">
          <reporter-output>
          </reporter-output>
        </test-method> <!-- ElementsPage -->
        <test-method signature="clickSubmit()[pri:5, instance:org.sghs.elease.automation.testScripts.ElementTestScripts@72ade7e3]" started-at="2021-09-20T22:58:32Z" name="clickSubmit" finished-at="2021-09-20T22:58:33Z" duration-ms="80" status="PASS">
          <reporter-output>
          </reporter-output>
        </test-method> <!-- clickSubmit -->
        <test-method is-config="true" signature="ElementsPage()[pri:0, instance:org.sghs.elease.automation.testScripts.ElementTestScripts@72ade7e3]" started-at="2021-09-20T22:58:33Z" name="ElementsPage" finished-at="2021-09-20T22:58:33Z" duration-ms="0" status="PASS">
          <reporter-output>
          </reporter-output>
        </test-method> <!-- ElementsPage -->
        <test-method signature="clickcheckBox()[pri:6, instance:org.sghs.elease.automation.testScripts.ElementTestScripts@72ade7e3]" started-at="2021-09-20T22:58:33Z" name="clickcheckBox" finished-at="2021-09-20T22:58:33Z" duration-ms="88" status="PASS">
          <reporter-output>
          </reporter-output>
        </test-method> <!-- clickcheckBox -->
        <test-method is-config="true" signature="ElementsPage()[pri:0, instance:org.sghs.elease.automation.testScripts.ElementTestScripts@72ade7e3]" started-at="2021-09-20T22:58:33Z" name="ElementsPage" finished-at="2021-09-20T22:58:33Z" duration-ms="0" status="PASS">
          <reporter-output>
          </reporter-output>
        </test-method> <!-- ElementsPage -->
        <test-method signature="clickExpand()[pri:7, instance:org.sghs.elease.automation.testScripts.ElementTestScripts@72ade7e3]" started-at="2021-09-20T22:58:33Z" name="clickExpand" finished-at="2021-09-20T22:58:33Z" duration-ms="80" status="PASS">
          <reporter-output>
          </reporter-output>
        </test-method> <!-- clickExpand -->
        <test-method is-config="true" signature="ElementsPage()[pri:0, instance:org.sghs.elease.automation.testScripts.ElementTestScripts@72ade7e3]" started-at="2021-09-20T22:58:33Z" name="ElementsPage" finished-at="2021-09-20T22:58:33Z" duration-ms="0" status="PASS">
          <reporter-output>
          </reporter-output>
        </test-method> <!-- ElementsPage -->
        <test-method signature="clickPublicCheck()[pri:8, instance:org.sghs.elease.automation.testScripts.ElementTestScripts@72ade7e3]" started-at="2021-09-20T22:58:33Z" name="clickPublicCheck" finished-at="2021-09-20T22:58:33Z" duration-ms="105" status="PASS">
          <reporter-output>
          </reporter-output>
        </test-method> <!-- clickPublicCheck -->
        <test-method signature="clickCollapseBox()[pri:9, instance:org.sghs.elease.automation.testScripts.ElementTestScripts@72ade7e3]" started-at="2021-09-20T22:58:33Z" name="clickCollapseBox" finished-at="2021-09-20T22:58:33Z" duration-ms="49" status="PASS">
          <reporter-output>
          </reporter-output>
        </test-method> <!-- clickCollapseBox -->
        <test-method is-config="true" signature="ElementsPage()[pri:0, instance:org.sghs.elease.automation.testScripts.ElementTestScripts@72ade7e3]" started-at="2021-09-20T22:58:33Z" name="ElementsPage" finished-at="2021-09-20T22:58:33Z" duration-ms="0" status="PASS">
          <reporter-output>
          </reporter-output>
        </test-method> <!-- ElementsPage -->
        <test-method is-config="true" signature="ElementsPage()[pri:0, instance:org.sghs.elease.automation.testScripts.ElementTestScripts@72ade7e3]" started-at="2021-09-20T22:58:33Z" name="ElementsPage" finished-at="2021-09-20T22:58:33Z" duration-ms="1" status="PASS">
          <reporter-output>
          </reporter-output>
        </test-method> <!-- ElementsPage -->
        <test-method signature="clickWebTables()[pri:10, instance:org.sghs.elease.automation.testScripts.ElementTestScripts@72ade7e3]" started-at="2021-09-20T22:58:33Z" name="clickWebTables" finished-at="2021-09-20T22:58:33Z" duration-ms="137" status="FAIL">
          <exception class="java.lang.AssertionError">
            <message>
              <![CDATA[expected [false] but found [true]]]>
            </message>
            <full-stacktrace>
              <![CDATA[java.lang.AssertionError: expected [false] but found [true]
at org.testng.Assert.fail(Assert.java:96)
at org.testng.Assert.failNotEquals(Assert.java:776)
at org.testng.Assert.assertEqualsImpl(Assert.java:137)
at org.testng.Assert.assertEquals(Assert.java:118)
at org.testng.Assert.assertEquals(Assert.java:568)
at org.testng.Assert.assertEquals(Assert.java:578)
at org.sghs.elease.automation.testScripts.ElementTestScripts.clickWebTables(ElementTestScripts.java:81)
at java.base/jdk.internal.reflect.NativeMethodAccessorImpl.invoke0(Native Method)
at java.base/jdk.internal.reflect.NativeMethodAccessorImpl.invoke(NativeMethodAccessorImpl.java:78)
at java.base/jdk.internal.reflect.DelegatingMethodAccessorImpl.invoke(DelegatingMethodAccessorImpl.java:43)
at java.base/java.lang.reflect.Method.invoke(Method.java:567)
at org.testng.internal.MethodInvocationHelper.invokeMethod(MethodInvocationHelper.java:124)
at org.testng.internal.Invoker.invokeMethod(Invoker.java:583)
at org.testng.internal.Invoker.invokeTestMethod(Invoker.java:719)
at org.testng.internal.Invoker.invokeTestMethods(Invoker.java:989)
at org.testng.internal.TestMethodWorker.invokeTestMethods(TestMethodWorker.java:125)
at org.testng.internal.TestMethodWorker.run(TestMethodWorker.java:109)
at org.testng.TestRunner.privateRun(TestRunner.java:648)
at org.testng.TestRunner.run(TestRunner.java:505)
at org.testng.SuiteRunner.runTest(SuiteRunner.java:455)
at org.testng.SuiteRunner.runSequentially(SuiteRunner.java:450)
at org.testng.SuiteRunner.privateRun(SuiteRunner.java:415)
at org.testng.SuiteRunner.run(SuiteRunner.java:364)
at org.testng.SuiteRunnerWorker.runSuite(SuiteRunnerWorker.java:52)
at org.testng.SuiteRunnerWorker.run(SuiteRunnerWorker.java:84)
at org.testng.TestNG.runSuitesSequentially(TestNG.java:1208)
at org.testng.TestNG.runSuitesLocally(TestNG.java:1137)
at org.testng.TestNG.runSuites(TestNG.java:1049)
at org.testng.TestNG.run(TestNG.java:1017)
at org.apache.maven.surefire.testng.TestNGExecutor.run(TestNGExecutor.java:281)
at org.apache.maven.surefire.testng.TestNGXmlTestSuite.execute(TestNGXmlTestSuite.java:75)
at org.apache.maven.surefire.testng.TestNGProvider.invoke(TestNGProvider.java:121)
at org.apache.maven.surefire.booter.ForkedBooter.invokeProviderInSameClassLoader(ForkedBooter.java:290)
at org.apache.maven.surefire.booter.ForkedBooter.runSuitesInProcess(ForkedBooter.java:242)
at org.apache.maven.surefire.booter.ForkedBooter.main(ForkedBooter.java:121)
]]>
            </full-stacktrace>
          </exception> <!-- java.lang.AssertionError -->
          <reporter-output>
          </reporter-output>
        </test-method> <!-- clickWebTables -->
        <test-method signature="clickAddButton()[pri:11, instance:org.sghs.elease.automation.testScripts.ElementTestScripts@72ade7e3]" started-at="2021-09-20T22:58:33Z" name="clickAddButton" finished-at="2021-09-20T22:58:33Z" depends-on-methods="org.sghs.elease.automation.testScripts.ElementTestScripts.clickWebTables" duration-ms="0" status="SKIP">
          <exception class="java.lang.Throwable">
            <message>
              <![CDATA[Method ElementTestScripts.clickAddButton()[pri:11, instance:org.sghs.elease.automation.testScripts.ElementTestScripts@72ade7e3] depends on not successfully finished methods]]>
            </message>
            <full-stacktrace>
              <![CDATA[java.lang.Throwable: Method ElementTestScripts.clickAddButton()[pri:11, instance:org.sghs.elease.automation.testScripts.ElementTestScripts@72ade7e3] depends on not successfully finished methods
at org.testng.internal.Invoker.invokeTestMethods(Invoker.java:888)
at org.testng.internal.TestMethodWorker.invokeTestMethods(TestMethodWorker.java:125)
at org.testng.internal.TestMethodWorker.run(TestMethodWorker.java:109)
at org.testng.TestRunner.privateRun(TestRunner.java:648)
at org.testng.TestRunner.run(TestRunner.java:505)
at org.testng.SuiteRunner.runTest(SuiteRunner.java:455)
at org.testng.SuiteRunner.runSequentially(SuiteRunner.java:450)
at org.testng.SuiteRunner.privateRun(SuiteRunner.java:415)
at org.testng.SuiteRunner.run(SuiteRunner.java:364)
at org.testng.SuiteRunnerWorker.runSuite(SuiteRunnerWorker.java:52)
at org.testng.SuiteRunnerWorker.run(SuiteRunnerWorker.java:84)
at org.testng.TestNG.runSuitesSequentially(TestNG.java:1208)
at org.testng.TestNG.runSuitesLocally(TestNG.java:1137)
at org.testng.TestNG.runSuites(TestNG.java:1049)
at org.testng.TestNG.run(TestNG.java:1017)
at org.apache.maven.surefire.testng.TestNGExecutor.run(TestNGExecutor.java:281)
at org.apache.maven.surefire.testng.TestNGXmlTestSuite.execute(TestNGXmlTestSuite.java:75)
at org.apache.maven.surefire.testng.TestNGProvider.invoke(TestNGProvider.java:121)
at org.apache.maven.surefire.booter.ForkedBooter.invokeProviderInSameClassLoader(ForkedBooter.java:290)
at org.apache.maven.surefire.booter.ForkedBooter.runSuitesInProcess(ForkedBooter.java:242)
at org.apache.maven.surefire.booter.ForkedBooter.main(ForkedBooter.java:121)
]]>
            </full-stacktrace>
          </exception> <!-- java.lang.Throwable -->
          <reporter-output>
          </reporter-output>
        </test-method> <!-- clickAddButton -->
        <test-method signature="clicksubmitTable()[pri:18, instance:org.sghs.elease.automation.testScripts.ElementTestScripts@72ade7e3]" started-at="2021-09-20T22:58:33Z" name="clicksubmitTable" finished-at="2021-09-20T22:58:33Z" depends-on-methods="org.sghs.elease.automation.testScripts.ElementTestScripts.clickWebTables" duration-ms="0" status="SKIP">
          <exception class="java.lang.Throwable">
            <message>
              <![CDATA[Method ElementTestScripts.clicksubmitTable()[pri:18, instance:org.sghs.elease.automation.testScripts.ElementTestScripts@72ade7e3] depends on not successfully finished methods]]>
            </message>
            <full-stacktrace>
              <![CDATA[java.lang.Throwable: Method ElementTestScripts.clicksubmitTable()[pri:18, instance:org.sghs.elease.automation.testScripts.ElementTestScripts@72ade7e3] depends on not successfully finished methods
at org.testng.internal.Invoker.invokeTestMethods(Invoker.java:888)
at org.testng.internal.TestMethodWorker.invokeTestMethods(TestMethodWorker.java:125)
at org.testng.internal.TestMethodWorker.run(TestMethodWorker.java:109)
at org.testng.TestRunner.privateRun(TestRunner.java:648)
at org.testng.TestRunner.run(TestRunner.java:505)
at org.testng.SuiteRunner.runTest(SuiteRunner.java:455)
at org.testng.SuiteRunner.runSequentially(SuiteRunner.java:450)
at org.testng.SuiteRunner.privateRun(SuiteRunner.java:415)
at org.testng.SuiteRunner.run(SuiteRunner.java:364)
at org.testng.SuiteRunnerWorker.runSuite(SuiteRunnerWorker.java:52)
at org.testng.SuiteRunnerWorker.run(SuiteRunnerWorker.java:84)
at org.testng.TestNG.runSuitesSequentially(TestNG.java:1208)
at org.testng.TestNG.runSuitesLocally(TestNG.java:1137)
at org.testng.TestNG.runSuites(TestNG.java:1049)
at org.testng.TestNG.run(TestNG.java:1017)
at org.apache.maven.surefire.testng.TestNGExecutor.run(TestNGExecutor.java:281)
at org.apache.maven.surefire.testng.TestNGXmlTestSuite.execute(TestNGXmlTestSuite.java:75)
at org.apache.maven.surefire.testng.TestNGProvider.invoke(TestNGProvider.java:121)
at org.apache.maven.surefire.booter.ForkedBooter.invokeProviderInSameClassLoader(ForkedBooter.java:290)
at org.apache.maven.surefire.booter.ForkedBooter.runSuitesInProcess(ForkedBooter.java:242)
at org.apache.maven.surefire.booter.ForkedBooter.main(ForkedBooter.java:121)
]]>
            </full-stacktrace>
          </exception> <!-- java.lang.Throwable -->
          <reporter-output>
          </reporter-output>
        </test-method> <!-- clicksubmitTable -->
        <test-method is-config="true" signature="teardown()[pri:0, instance:org.sghs.elease.automation.testScripts.ElementTestScripts@72ade7e3]" started-at="2021-09-20T22:58:33Z" name="teardown" finished-at="2021-09-20T22:58:33Z" duration-ms="136" status="PASS">
          <reporter-output>
          </reporter-output>
        </test-method> <!-- teardown -->
      </class> <!-- org.sghs.elease.automation.testScripts.ElementTestScripts -->
    </test> <!-- Regression -->
  </suite> <!-- Elease -->
</testng-results>
