<?xml version="1.0" encoding="UTF-8"?>
<!-- Generated by org.testng.reporters.JUnitXMLReporter -->
<testsuite ignored="10" hostname="DESKTOP-3SEEOAJ" failures="1" tests="9" name="Regression" time="1.475" errors="0" timestamp="20 Sep 2021 22:58:33 GMT">
  <testcase classname="org.sghs.elease.automation.testScripts.ElementTestScripts" name="clicktextBox" time="0.764"/>
  <testcase classname="org.sghs.elease.automation.testScripts.ElementTestScripts" name="clickSubmit" time="0.08"/>
  <testcase classname="org.sghs.elease.automation.testScripts.ElementTestScripts" name="clickcheckBox" time="0.088"/>
  <testcase classname="org.sghs.elease.automation.testScripts.ElementTestScripts" name="clickExpand" time="0.08"/>
  <testcase classname="org.sghs.elease.automation.testScripts.ElementTestScripts" name="clickPublicCheck" time="0.105"/>
  <testcase classname="org.sghs.elease.automation.testScripts.ElementTestScripts" name="clickCollapseBox" time="0.049"/>
  <testcase classname="org.sghs.elease.automation.testScripts.ElementTestScripts" name="clickWebTables" time="0.137">
    <failure type="java.lang.AssertionError" message="expected [false] but found [true]">
      <![CDATA[java.lang.AssertionError: expected [false] but found [true]
at org.sghs.elease.automation.testScripts.ElementTestScripts.clickWebTables(ElementTestScripts.java:81)
... Removed 34 stack frames]]>
    </failure>
  </testcase> <!-- clickWebTables -->
  <testcase classname="org.sghs.elease.automation.testScripts.ElementTestScripts" name="clickAddButton" time="0.0">
    <skipped/>
  </testcase> <!-- clickAddButton -->
  <testcase classname="org.sghs.elease.automation.testScripts.ElementTestScripts" name="clicksubmitTable" time="0.0">
    <skipped/>
  </testcase> <!-- clicksubmitTable -->
  <testcase classname="org.sghs.elease.automation.testScripts.ElementTestScripts" name="sendPermanentAddress" time="0.0">
    <ignored/>
  </testcase> <!-- sendPermanentAddress -->
  <testcase classname="org.sghs.elease.automation.testScripts.ElementTestScripts" name="sendCurrentAddress" time="0.0">
    <ignored/>
  </testcase> <!-- sendCurrentAddress -->
  <testcase classname="org.sghs.elease.automation.testScripts.ElementTestScripts" name="sendDepartment" time="0.0">
    <ignored/>
  </testcase> <!-- sendDepartment -->
  <testcase classname="org.sghs.elease.automation.testScripts.ElementTestScripts" name="sendage" time="0.0">
    <ignored/>
  </testcase> <!-- sendage -->
  <testcase classname="org.sghs.elease.automation.testScripts.ElementTestScripts" name="sendLastName" time="0.0">
    <ignored/>
  </testcase> <!-- sendLastName -->
  <testcase classname="org.sghs.elease.automation.testScripts.ElementTestScripts" name="sendSalary" time="0.0">
    <ignored/>
  </testcase> <!-- sendSalary -->
  <testcase classname="org.sghs.elease.automation.testScripts.ElementTestScripts" name="sendFirstName" time="0.0">
    <ignored/>
  </testcase> <!-- sendFirstName -->
  <testcase classname="org.sghs.elease.automation.testScripts.ElementTestScripts" name="sendEmail" time="0.0">
    <ignored/>
  </testcase> <!-- sendEmail -->
  <testcase classname="org.sghs.elease.automation.testScripts.ElementTestScripts" name="sendEmailTable" time="0.0">
    <ignored/>
  </testcase> <!-- sendEmailTable -->
  <testcase classname="org.sghs.elease.automation.testScripts.ElementTestScripts" name="sendFullName" time="0.0">
    <ignored/>
  </testcase> <!-- sendFullName -->
</testsuite> <!-- Regression -->
