<?xml version="1.0" encoding="UTF-8"?>
<!-- Generated by org.testng.reporters.JUnitReportReporter -->
<testsuite hostname="DESKTOP-3SEEOAJ" failures="1" tests="9" name="org.sghs.elease.automation.testScripts.ElementTestScripts" time="1.307" errors="0" timestamp="20 Sep 2021 22:58:33 GMT" skipped="2">
  <testcase classname="org.sghs.elease.automation.testScripts.ElementTestScripts" name="clicktextBox" time="0.764"/>
  <testcase classname="org.sghs.elease.automation.testScripts.ElementTestScripts" name="clickSubmit" time="0.080"/>
  <testcase classname="org.sghs.elease.automation.testScripts.ElementTestScripts" name="clickcheckBox" time="0.089"/>
  <testcase classname="org.sghs.elease.automation.testScripts.ElementTestScripts" name="clickExpand" time="0.082"/>
  <testcase classname="org.sghs.elease.automation.testScripts.ElementTestScripts" name="clickPublicCheck" time="0.105"/>
  <testcase classname="org.sghs.elease.automation.testScripts.ElementTestScripts" name="clickCollapseBox" time="0.049"/>
  <testcase classname="org.sghs.elease.automation.testScripts.ElementTestScripts" name="clickWebTables" time="0.138">
    <failure message="expected [false] but found [true]" type="java.lang.AssertionError">
      <![CDATA[java.lang.AssertionError: expected [false] but found [true]
at org.testng.Assert.fail(Assert.java:96)
at org.testng.Assert.failNotEquals(Assert.java:776)
at org.testng.Assert.assertEqualsImpl(Assert.java:137)
at org.testng.Assert.assertEquals(Assert.java:118)
at org.testng.Assert.assertEquals(Assert.java:568)
at org.testng.Assert.assertEquals(Assert.java:578)
at org.sghs.elease.automation.testScripts.ElementTestScripts.clickWebTables(ElementTestScripts.java:81)
at java.base/jdk.internal.reflect.NativeMethodAccessorImpl.invoke0(Native Method)
at java.base/jdk.internal.reflect.NativeMethodAccessorImpl.invoke(NativeMethodAccessorImpl.java:78)
at java.base/jdk.internal.reflect.DelegatingMethodAccessorImpl.invoke(DelegatingMethodAccessorImpl.java:43)
at java.base/java.lang.reflect.Method.invoke(Method.java:567)
at org.testng.internal.MethodInvocationHelper.invokeMethod(MethodInvocationHelper.java:124)
at org.testng.internal.Invoker.invokeMethod(Invoker.java:583)
at org.testng.internal.Invoker.invokeTestMethod(Invoker.java:719)
at org.testng.internal.Invoker.invokeTestMethods(Invoker.java:989)
at org.testng.internal.TestMethodWorker.invokeTestMethods(TestMethodWorker.java:125)
at org.testng.internal.TestMethodWorker.run(TestMethodWorker.java:109)
at org.testng.TestRunner.privateRun(TestRunner.java:648)
at org.testng.TestRunner.run(TestRunner.java:505)
at org.testng.SuiteRunner.runTest(SuiteRunner.java:455)
at org.testng.SuiteRunner.runSequentially(SuiteRunner.java:450)
at org.testng.SuiteRunner.privateRun(SuiteRunner.java:415)
at org.testng.SuiteRunner.run(SuiteRunner.java:364)
at org.testng.SuiteRunnerWorker.runSuite(SuiteRunnerWorker.java:52)
at org.testng.SuiteRunnerWorker.run(SuiteRunnerWorker.java:84)
at org.testng.TestNG.runSuitesSequentially(TestNG.java:1208)
at org.testng.TestNG.runSuitesLocally(TestNG.java:1137)
at org.testng.TestNG.runSuites(TestNG.java:1049)
at org.testng.TestNG.run(TestNG.java:1017)
at org.apache.maven.surefire.testng.TestNGExecutor.run(TestNGExecutor.java:281)
at org.apache.maven.surefire.testng.TestNGXmlTestSuite.execute(TestNGXmlTestSuite.java:75)
at org.apache.maven.surefire.testng.TestNGProvider.invoke(TestNGProvider.java:121)
at org.apache.maven.surefire.booter.ForkedBooter.invokeProviderInSameClassLoader(ForkedBooter.java:290)
at org.apache.maven.surefire.booter.ForkedBooter.runSuitesInProcess(ForkedBooter.java:242)
at org.apache.maven.surefire.booter.ForkedBooter.main(ForkedBooter.java:121)
]]>
    </failure>
  </testcase> <!-- clickWebTables -->
  <testcase classname="org.sghs.elease.automation.testScripts.ElementTestScripts" name="clickAddButton" time="0.000">
    <skipped/>
  </testcase> <!-- clickAddButton -->
  <testcase classname="org.sghs.elease.automation.testScripts.ElementTestScripts" name="clicksubmitTable" time="0.000">
    <skipped/>
  </testcase> <!-- clicksubmitTable -->
</testsuite> <!-- org.sghs.elease.automation.testScripts.ElementTestScripts -->
